# JRE version: OpenJDK Runtime Environment (21.0.7) (build 21.0.7+-13880790-b1038.58)
# Java VM: OpenJDK 64-Bit Server VM (21.0.7+-13880790-b1038.58, mixed mode, tiered, compressed oops, compressed class ptrs, g1 gc, windows-amd64)
GC Precious Log:
 CardTable entry size: 512
 Card Set container configuration: InlinePtr #cards 4 size 8 Array Of Cards #cards 32 size 80 Howl #buckets 8 coarsen threshold 7372 Howl Bitmap #cards 1024 size 144 coarsen threshold 921 Card regions per heap region 1 cards per card region 8192
 CPUs: 12 total, 12 available
 Memory: 16229M
 Large Page Support: Disabled
 NUMA Support: Disabled
 Compressed Oops: Enabled (Zero based)
 Heap Region Size: 4M
 Heap Min Capacity: 8M
 Heap Initial Capacity: 256M
 Heap Max Capacity: 6G
 Pre-touch: Disabled
 Parallel Workers: 10
 Concurrent Workers: 3
 Concurrent Refinement Workers: 10
 Periodic GC: Disabled
 String Deduplication is enabled
Heap:
 garbage-first heap   total 348160K, used 206364K [0x0000000680000000, 0x0000000800000000)
  region size 4096K, 2 young (8192K), 2 survivors (8192K)
 Metaspace       used 110985K, committed 113344K, reserved 983040K
  class space    used 15471K, committed 16640K, reserved 851968K
GC Heap History (20 events):
Event: 219.113 GC heap after
{Heap after GC invocations=35 (full 0):
 garbage-first heap   total 225280K, used 147739K [0x0000000680000000, 0x0000000800000000)
  region size 4096K, 3 young (12288K), 3 survivors (12288K)
 Metaspace       used 97259K, committed 99520K, reserved 983040K
  class space    used 13595K, committed 14720K, reserved 851968K
}
Event: 221.188 GC heap before
{Heap before GC invocations=35 (full 0):
 garbage-first heap   total 225280K, used 188699K [0x0000000680000000, 0x0000000800000000)
  region size 4096K, 14 young (57344K), 3 survivors (12288K)
 Metaspace       used 100444K, committed 102720K, reserved 983040K
  class space    used 14002K, committed 15104K, reserved 851968K
}
Event: 221.198 GC heap after
{Heap after GC invocations=36 (full 0):
 garbage-first heap   total 225280K, used 150922K [0x0000000680000000, 0x0000000800000000)
  region size 4096K, 1 young (4096K), 1 survivors (4096K)
 Metaspace       used 100444K, committed 102720K, reserved 983040K
  class space    used 14002K, committed 15104K, reserved 851968K
}
Event: 223.315 GC heap before
{Heap before GC invocations=37 (full 0):
 garbage-first heap   total 262144K, used 195978K [0x0000000680000000, 0x0000000800000000)
  region size 4096K, 13 young (53248K), 1 survivors (4096K)
 Metaspace       used 102912K, committed 105216K, reserved 983040K
  class space    used 14382K, committed 15488K, reserved 851968K
}
Event: 223.322 GC heap after
{Heap after GC invocations=38 (full 0):
 garbage-first heap   total 262144K, used 154205K [0x0000000680000000, 0x0000000800000000)
  region size 4096K, 2 young (8192K), 2 survivors (8192K)
 Metaspace       used 102912K, committed 105216K, reserved 983040K
  class space    used 14382K, committed 15488K, reserved 851968K
}
Event: 226.293 GC heap before
{Heap before GC invocations=38 (full 0):
 garbage-first heap   total 262144K, used 215645K [0x0000000680000000, 0x0000000800000000)
  region size 4096K, 19 young (77824K), 2 survivors (8192K)
 Metaspace       used 107779K, committed 110208K, reserved 983040K
  class space    used 15189K, committed 16384K, reserved 851968K
}
Event: 226.302 GC heap after
{Heap after GC invocations=39 (full 0):
 garbage-first heap   total 262144K, used 160149K [0x0000000680000000, 0x0000000800000000)
  region size 4096K, 3 young (12288K), 3 survivors (12288K)
 Metaspace       used 107779K, committed 110208K, reserved 983040K
  class space    used 15189K, committed 16384K, reserved 851968K
}
Event: 226.645 GC heap before
{Heap before GC invocations=40 (full 0):
 garbage-first heap   total 286720K, used 233877K [0x0000000680000000, 0x0000000800000000)
  region size 4096K, 20 young (81920K), 3 survivors (12288K)
 Metaspace       used 108535K, committed 110976K, reserved 983040K
  class space    used 15264K, committed 16448K, reserved 851968K
}
Event: 226.663 GC heap after
{Heap after GC invocations=41 (full 0):
 garbage-first heap   total 286720K, used 200610K [0x0000000680000000, 0x0000000800000000)
  region size 4096K, 3 young (12288K), 3 survivors (12288K)
 Metaspace       used 108535K, committed 110976K, reserved 983040K
  class space    used 15264K, committed 16448K, reserved 851968K
}
Event: 226.890 GC heap before
{Heap before GC invocations=41 (full 0):
 garbage-first heap   total 286720K, used 249762K [0x0000000680000000, 0x0000000800000000)
  region size 4096K, 15 young (61440K), 3 survivors (12288K)
 Metaspace       used 110461K, committed 112896K, reserved 983040K
  class space    used 15445K, committed 16640K, reserved 851968K
}
Event: 226.900 GC heap after
{Heap after GC invocations=42 (full 0):
 garbage-first heap   total 286720K, used 206003K [0x0000000680000000, 0x0000000800000000)
  region size 4096K, 1 young (4096K), 1 survivors (4096K)
 Metaspace       used 110461K, committed 112896K, reserved 983040K
  class space    used 15445K, committed 16640K, reserved 851968K
}
Event: 227.004 GC heap before
{Heap before GC invocations=43 (full 0):
 garbage-first heap   total 348160K, used 255155K [0x0000000680000000, 0x0000000800000000)
  region size 4096K, 13 young (53248K), 1 survivors (4096K)
 Metaspace       used 110607K, committed 113024K, reserved 983040K
  class space    used 15445K, committed 16640K, reserved 851968K
}
Event: 227.006 GC heap after
{Heap after GC invocations=44 (full 0):
 garbage-first heap   total 348160K, used 205198K [0x0000000680000000, 0x0000000800000000)
  region size 4096K, 1 young (4096K), 1 survivors (4096K)
 Metaspace       used 110607K, committed 113024K, reserved 983040K
  class space    used 15445K, committed 16640K, reserved 851968K
}
Event: 227.107 GC heap before
{Heap before GC invocations=44 (full 0):
 garbage-first heap   total 348160K, used 307598K [0x0000000680000000, 0x0000000800000000)
  region size 4096K, 26 young (106496K), 1 survivors (4096K)
 Metaspace       used 110682K, committed 113088K, reserved 983040K
  class space    used 15445K, committed 16640K, reserved 851968K
}
Event: 227.110 GC heap after
{Heap after GC invocations=45 (full 0):
 garbage-first heap   total 348160K, used 205017K [0x0000000680000000, 0x0000000800000000)
  region size 4096K, 1 young (4096K), 1 survivors (4096K)
 Metaspace       used 110682K, committed 113088K, reserved 983040K
  class space    used 15445K, committed 16640K, reserved 851968K
}
Event: 227.236 GC heap before
{Heap before GC invocations=45 (full 0):
 garbage-first heap   total 348160K, used 315609K [0x0000000680000000, 0x0000000800000000)
  region size 4096K, 28 young (114688K), 1 survivors (4096K)
 Metaspace       used 110716K, committed 113152K, reserved 983040K
  class space    used 15446K, committed 16640K, reserved 851968K
}
Event: 227.238 GC heap after
{Heap after GC invocations=46 (full 0):
 garbage-first heap   total 348160K, used 206229K [0x0000000680000000, 0x0000000800000000)
  region size 4096K, 1 young (4096K), 1 survivors (4096K)
 Metaspace       used 110716K, committed 113152K, reserved 983040K
  class space    used 15446K, committed 16640K, reserved 851968K
}
Event: 227.407 GC heap before
{Heap before GC invocations=47 (full 0):
 garbage-first heap   total 348160K, used 316821K [0x0000000680000000, 0x0000000800000000)
  region size 4096K, 29 young (118784K), 1 survivors (4096K)
 Metaspace       used 110884K, committed 113280K, reserved 983040K
  class space    used 15461K, committed 16640K, reserved 851968K
}
Event: 227.410 GC heap after
{Heap after GC invocations=48 (full 0):
 garbage-first heap   total 348160K, used 207490K [0x0000000680000000, 0x0000000800000000)
  region size 4096K, 2 young (8192K), 2 survivors (8192K)
 Metaspace       used 110884K, committed 113280K, reserved 983040K
  class space    used 15461K, committed 16640K, reserved 851968K
}
Event: 227.517 GC heap before
{Heap before GC invocations=48 (full 0):
 garbage-first heap   total 348160K, used 313986K [0x0000000680000000, 0x0000000800000000)
  region size 4096K, 28 young (114688K), 2 survivors (8192K)
 Metaspace       used 110985K, committed 113344K, reserved 983040K
  class space    used 15471K, committed 16640K, reserved 851968K
}

