# JRE version: OpenJDK Runtime Environment (21.0.7) (build 21.0.7+-13880790-b1038.58)
# Java VM: OpenJDK 64-Bit Server VM (21.0.7+-13880790-b1038.58, mixed mode, tiered, compressed oops, compressed class ptrs, g1 gc, windows-amd64)
GC Precious Log:
 CardTable entry size: 512
 Card Set container configuration: InlinePtr #cards 4 size 8 Array Of Cards #cards 32 size 80 Howl #buckets 8 coarsen threshold 7372 Howl Bitmap #cards 1024 size 144 coarsen threshold 921 Card regions per heap region 1 cards per card region 8192
 CPUs: 12 total, 12 available
 Memory: 16229M
 Large Page Support: Disabled
 NUMA Support: Disabled
 Compressed Oops: Enabled (Zero based)
 Heap Region Size: 4M
 Heap Min Capacity: 8M
 Heap Initial Capacity: 256M
 Heap Max Capacity: 6G
 Pre-touch: Disabled
 Parallel Workers: 10
 Concurrent Workers: 3
 Concurrent Refinement Workers: 10
 Periodic GC: Disabled
 String Deduplication is enabled
Heap:
 garbage-first heap   total 442368K, used 210155K [0x0000000680000000, 0x0000000800000000)
  region size 4096K, 2 young (8192K), 2 survivors (8192K)
 Metaspace       used 110224K, committed 112448K, reserved 983040K
  class space    used 15332K, committed 16384K, reserved 851968K
GC Heap History (20 events):
Event: 30.708 GC heap after
{Heap after GC invocations=44 (full 0):
 garbage-first heap   total 241664K, used 159465K [0x0000000680000000, 0x0000000800000000)
  region size 4096K, 3 young (12288K), 3 survivors (12288K)
 Metaspace       used 106916K, committed 109184K, reserved 983040K
  class space    used 15034K, committed 16128K, reserved 851968K
}
Event: 30.884 GC heap before
{Heap before GC invocations=45 (full 0):
 garbage-first heap   total 286720K, used 216809K [0x0000000680000000, 0x0000000800000000)
  region size 4096K, 15 young (61440K), 3 survivors (12288K)
 Metaspace       used 107974K, committed 110272K, reserved 983040K
  class space    used 15139K, committed 16256K, reserved 851968K
}
Event: 30.897 GC heap after
{Heap after GC invocations=46 (full 0):
 garbage-first heap   total 286720K, used 186870K [0x0000000680000000, 0x0000000800000000)
  region size 4096K, 2 young (8192K), 2 survivors (8192K)
 Metaspace       used 107974K, committed 110272K, reserved 983040K
  class space    used 15139K, committed 16256K, reserved 851968K
}
Event: 31.057 GC heap before
{Heap before GC invocations=46 (full 0):
 garbage-first heap   total 286720K, used 240118K [0x0000000680000000, 0x0000000800000000)
  region size 4096K, 16 young (65536K), 2 survivors (8192K)
 Metaspace       used 109490K, committed 111808K, reserved 983040K
  class space    used 15307K, committed 16384K, reserved 851968K
}
Event: 31.067 GC heap after
{Heap after GC invocations=47 (full 0):
 garbage-first heap   total 286720K, used 201399K [0x0000000680000000, 0x0000000800000000)
  region size 4096K, 2 young (8192K), 2 survivors (8192K)
 Metaspace       used 109490K, committed 111808K, reserved 983040K
  class space    used 15307K, committed 16384K, reserved 851968K
}
Event: 31.126 GC heap before
{Heap before GC invocations=47 (full 0):
 garbage-first heap   total 286720K, used 246455K [0x0000000680000000, 0x0000000800000000)
  region size 4096K, 13 young (53248K), 2 survivors (8192K)
 Metaspace       used 109730K, committed 112000K, reserved 983040K
  class space    used 15307K, committed 16384K, reserved 851968K
}
Event: 31.133 GC heap after
{Heap after GC invocations=48 (full 0):
 garbage-first heap   total 442368K, used 203524K [0x0000000680000000, 0x0000000800000000)
  region size 4096K, 1 young (4096K), 1 survivors (4096K)
 Metaspace       used 109730K, committed 112000K, reserved 983040K
  class space    used 15307K, committed 16384K, reserved 851968K
}
Event: 31.355 GC heap before
{Heap before GC invocations=49 (full 0):
 garbage-first heap   total 442368K, used 346884K [0x0000000680000000, 0x0000000800000000)
  region size 4096K, 37 young (151552K), 1 survivors (4096K)
 Metaspace       used 109776K, committed 112064K, reserved 983040K
  class space    used 15286K, committed 16384K, reserved 851968K
}
Event: 31.477 GC heap after
{Heap after GC invocations=50 (full 0):
 garbage-first heap   total 442368K, used 204367K [0x0000000680000000, 0x0000000800000000)
  region size 4096K, 1 young (4096K), 1 survivors (4096K)
 Metaspace       used 109776K, committed 112064K, reserved 983040K
  class space    used 15286K, committed 16384K, reserved 851968K
}
Event: 31.975 GC heap before
{Heap before GC invocations=50 (full 0):
 garbage-first heap   total 442368K, used 405071K [0x0000000680000000, 0x0000000800000000)
  region size 4096K, 50 young (204800K), 1 survivors (4096K)
 Metaspace       used 109910K, committed 112192K, reserved 983040K
  class space    used 15292K, committed 16384K, reserved 851968K
}
Event: 31.980 GC heap after
{Heap after GC invocations=51 (full 0):
 garbage-first heap   total 442368K, used 205450K [0x0000000680000000, 0x0000000800000000)
  region size 4096K, 1 young (4096K), 1 survivors (4096K)
 Metaspace       used 109910K, committed 112192K, reserved 983040K
  class space    used 15292K, committed 16384K, reserved 851968K
}
Event: 32.015 GC heap before
{Heap before GC invocations=51 (full 0):
 garbage-first heap   total 442368K, used 234122K [0x0000000680000000, 0x0000000800000000)
  region size 4096K, 8 young (32768K), 1 survivors (4096K)
 Metaspace       used 109991K, committed 112256K, reserved 983040K
  class space    used 15301K, committed 16384K, reserved 851968K
}
Event: 32.020 GC heap after
{Heap after GC invocations=52 (full 0):
 garbage-first heap   total 442368K, used 206002K [0x0000000680000000, 0x0000000800000000)
  region size 4096K, 1 young (4096K), 1 survivors (4096K)
 Metaspace       used 109991K, committed 112256K, reserved 983040K
  class space    used 15301K, committed 16384K, reserved 851968K
}
Event: 32.101 GC heap before
{Heap before GC invocations=52 (full 0):
 garbage-first heap   total 442368K, used 255154K [0x0000000680000000, 0x0000000800000000)
  region size 4096K, 14 young (57344K), 1 survivors (4096K)
 Metaspace       used 110014K, committed 112256K, reserved 983040K
  class space    used 15302K, committed 16384K, reserved 851968K
}
Event: 32.103 GC heap after
{Heap after GC invocations=53 (full 0):
 garbage-first heap   total 442368K, used 206311K [0x0000000680000000, 0x0000000800000000)
  region size 4096K, 1 young (4096K), 1 survivors (4096K)
 Metaspace       used 110014K, committed 112256K, reserved 983040K
  class space    used 15302K, committed 16384K, reserved 851968K
}
Event: 32.361 GC heap before
{Heap before GC invocations=54 (full 0):
 garbage-first heap   total 442368K, used 402919K [0x0000000680000000, 0x0000000800000000)
  region size 4096K, 50 young (204800K), 1 survivors (4096K)
 Metaspace       used 110025K, committed 112256K, reserved 983040K
  class space    used 15302K, committed 16384K, reserved 851968K
}
Event: 32.370 GC heap after
{Heap after GC invocations=55 (full 0):
 garbage-first heap   total 442368K, used 208564K [0x0000000680000000, 0x0000000800000000)
  region size 4096K, 1 young (4096K), 1 survivors (4096K)
 Metaspace       used 110025K, committed 112256K, reserved 983040K
  class space    used 15302K, committed 16384K, reserved 851968K
}
Event: 32.574 GC heap before
{Heap before GC invocations=55 (full 0):
 garbage-first heap   total 442368K, used 409268K [0x0000000680000000, 0x0000000800000000)
  region size 4096K, 50 young (204800K), 1 survivors (4096K)
 Metaspace       used 110035K, committed 112320K, reserved 983040K
  class space    used 15302K, committed 16384K, reserved 851968K
}
Event: 32.580 GC heap after
{Heap after GC invocations=56 (full 0):
 garbage-first heap   total 442368K, used 208091K [0x0000000680000000, 0x0000000800000000)
  region size 4096K, 2 young (8192K), 2 survivors (8192K)
 Metaspace       used 110035K, committed 112320K, reserved 983040K
  class space    used 15302K, committed 16384K, reserved 851968K
}
Event: 32.800 GC heap before
{Heap before GC invocations=56 (full 0):
 garbage-first heap   total 442368K, used 404699K [0x0000000680000000, 0x0000000800000000)
  region size 4096K, 50 young (204800K), 2 survivors (8192K)
 Metaspace       used 110224K, committed 112448K, reserved 983040K
  class space    used 15332K, committed 16384K, reserved 851968K
}

