# JRE version: OpenJDK Runtime Environment (21.0.7) (build 21.0.7+-13880790-b1038.58)
# Java VM: OpenJDK 64-Bit Server VM (21.0.7+-13880790-b1038.58, mixed mode, tiered, compressed oops, compressed class ptrs, g1 gc, windows-amd64)
GC Precious Log:
 CardTable entry size: 512
 Card Set container configuration: InlinePtr #cards 4 size 8 Array Of Cards #cards 32 size 80 Howl #buckets 8 coarsen threshold 7372 Howl Bitmap #cards 1024 size 144 coarsen threshold 921 Card regions per heap region 1 cards per card region 8192
 CPUs: 12 total, 12 available
 Memory: 16229M
 Large Page Support: Disabled
 NUMA Support: Disabled
 Compressed Oops: Enabled (Zero based)
 Heap Region Size: 4M
 Heap Min Capacity: 8M
 Heap Initial Capacity: 256M
 Heap Max Capacity: 6G
 Pre-touch: Disabled
 Parallel Workers: 10
 Concurrent Workers: 3
 Concurrent Refinement Workers: 10
 Periodic GC: Disabled
 String Deduplication is enabled
Heap:
 garbage-first heap   total 876544K, used 329871K [0x0000000680000000, 0x0000000800000000)
  region size 4096K, 6 young (24576K), 6 survivors (24576K)
 Metaspace       used 195870K, committed 198848K, reserved 1048576K
  class space    used 25019K, committed 26496K, reserved 851968K
GC Heap History (20 events):
Event: 48.770 GC heap after
{Heap after GC invocations=101 (full 0):
 garbage-first heap   total 729088K, used 261191K [0x0000000680000000, 0x0000000800000000)
  region size 4096K, 3 young (12288K), 3 survivors (12288K)
 Metaspace       used 195068K, committed 198208K, reserved 1048576K
  class space    used 24979K, committed 26496K, reserved 851968K
}
Event: 50.223 GC heap before
{Heap before GC invocations=102 (full 0):
 garbage-first heap   total 729088K, used 670791K [0x0000000680000000, 0x0000000800000000)
  region size 4096K, 103 young (421888K), 3 survivors (12288K)
 Metaspace       used 195498K, committed 198528K, reserved 1048576K
  class space    used 25011K, committed 26496K, reserved 851968K
}
Event: 50.249 GC heap after
{Heap after GC invocations=103 (full 0):
 garbage-first heap   total 729088K, used 265531K [0x0000000680000000, 0x0000000800000000)
  region size 4096K, 4 young (16384K), 4 survivors (16384K)
 Metaspace       used 195498K, committed 198528K, reserved 1048576K
  class space    used 25011K, committed 26496K, reserved 851968K
}
Event: 51.071 GC heap before
{Heap before GC invocations=103 (full 0):
 garbage-first heap   total 729088K, used 666939K [0x0000000680000000, 0x0000000800000000)
  region size 4096K, 102 young (417792K), 4 survivors (16384K)
 Metaspace       used 195567K, committed 198592K, reserved 1048576K
  class space    used 25013K, committed 26496K, reserved 851968K
}
Event: 51.111 GC heap after
{Heap after GC invocations=104 (full 0):
 garbage-first heap   total 729088K, used 265375K [0x0000000680000000, 0x0000000800000000)
  region size 4096K, 5 young (20480K), 5 survivors (20480K)
 Metaspace       used 195567K, committed 198592K, reserved 1048576K
  class space    used 25013K, committed 26496K, reserved 851968K
}
Event: 51.739 GC heap before
{Heap before GC invocations=104 (full 0):
 garbage-first heap   total 729088K, used 662687K [0x0000000680000000, 0x0000000800000000)
  region size 4096K, 102 young (417792K), 5 survivors (20480K)
 Metaspace       used 195667K, committed 198656K, reserved 1048576K
  class space    used 25014K, committed 26496K, reserved 851968K
}
Event: 51.752 GC heap after
{Heap after GC invocations=105 (full 0):
 garbage-first heap   total 729088K, used 271442K [0x0000000680000000, 0x0000000800000000)
  region size 4096K, 6 young (24576K), 6 survivors (24576K)
 Metaspace       used 195667K, committed 198656K, reserved 1048576K
  class space    used 25014K, committed 26496K, reserved 851968K
}
Event: 52.688 GC heap before
{Heap before GC invocations=106 (full 0):
 garbage-first heap   total 729088K, used 660562K [0x0000000680000000, 0x0000000800000000)
  region size 4096K, 101 young (413696K), 6 survivors (24576K)
 Metaspace       used 195670K, committed 198656K, reserved 1048576K
  class space    used 25014K, committed 26496K, reserved 851968K
}
Event: 52.701 GC heap after
{Heap after GC invocations=107 (full 0):
 garbage-first heap   total 729088K, used 275280K [0x0000000680000000, 0x0000000800000000)
  region size 4096K, 7 young (28672K), 7 survivors (28672K)
 Metaspace       used 195670K, committed 198656K, reserved 1048576K
  class space    used 25014K, committed 26496K, reserved 851968K
}
Event: 55.690 GC heap before
{Heap before GC invocations=107 (full 0):
 garbage-first heap   total 729088K, used 656208K [0x0000000680000000, 0x0000000800000000)
  region size 4096K, 100 young (409600K), 7 survivors (28672K)
 Metaspace       used 195704K, committed 198720K, reserved 1048576K
  class space    used 25014K, committed 26496K, reserved 851968K
}
Event: 55.778 GC heap after
{Heap after GC invocations=108 (full 0):
 garbage-first heap   total 729088K, used 270868K [0x0000000680000000, 0x0000000800000000)
  region size 4096K, 9 young (36864K), 9 survivors (36864K)
 Metaspace       used 195704K, committed 198720K, reserved 1048576K
  class space    used 25014K, committed 26496K, reserved 851968K
}
Event: 56.006 GC heap before
{Heap before GC invocations=108 (full 0):
 garbage-first heap   total 729088K, used 299540K [0x0000000680000000, 0x0000000800000000)
  region size 4096K, 17 young (69632K), 9 survivors (36864K)
 Metaspace       used 195720K, committed 198720K, reserved 1048576K
  class space    used 25014K, committed 26496K, reserved 851968K
}
Event: 56.032 GC heap after
{Heap after GC invocations=109 (full 0):
 garbage-first heap   total 876544K, used 269781K [0x0000000680000000, 0x0000000800000000)
  region size 4096K, 7 young (28672K), 7 survivors (28672K)
 Metaspace       used 195720K, committed 198720K, reserved 1048576K
  class space    used 25014K, committed 26496K, reserved 851968K
}
Event: 56.880 GC heap before
{Heap before GC invocations=109 (full 0):
 garbage-first heap   total 876544K, used 769493K [0x0000000680000000, 0x0000000800000000)
  region size 4096K, 128 young (524288K), 7 survivors (28672K)
 Metaspace       used 195757K, committed 198720K, reserved 1048576K
  class space    used 25015K, committed 26496K, reserved 851968K
}
Event: 56.909 GC heap after
{Heap after GC invocations=110 (full 0):
 garbage-first heap   total 876544K, used 315597K [0x0000000680000000, 0x0000000800000000)
  region size 4096K, 16 young (65536K), 16 survivors (65536K)
 Metaspace       used 195757K, committed 198720K, reserved 1048576K
  class space    used 25015K, committed 26496K, reserved 851968K
}
Event: 57.235 GC heap before
{Heap before GC invocations=110 (full 0):
 garbage-first heap   total 876544K, used 753869K [0x0000000680000000, 0x0000000800000000)
  region size 4096K, 124 young (507904K), 16 survivors (65536K)
 Metaspace       used 195832K, committed 198784K, reserved 1048576K
  class space    used 25015K, committed 26496K, reserved 851968K
}
Event: 57.376 GC heap after
{Heap after GC invocations=111 (full 0):
 garbage-first heap   total 876544K, used 315439K [0x0000000680000000, 0x0000000800000000)
  region size 4096K, 3 young (12288K), 3 survivors (12288K)
 Metaspace       used 195832K, committed 198784K, reserved 1048576K
  class space    used 25015K, committed 26496K, reserved 851968K
}
Event: 58.033 GC heap before
{Heap before GC invocations=111 (full 0):
 garbage-first heap   total 876544K, used 806959K [0x0000000680000000, 0x0000000800000000)
  region size 4096K, 124 young (507904K), 3 survivors (12288K)
 Metaspace       used 195870K, committed 198848K, reserved 1048576K
  class space    used 25019K, committed 26496K, reserved 851968K
}
Event: 58.043 GC heap after
{Heap after GC invocations=112 (full 0):
 garbage-first heap   total 876544K, used 323538K [0x0000000680000000, 0x0000000800000000)
  region size 4096K, 5 young (20480K), 5 survivors (20480K)
 Metaspace       used 195870K, committed 198848K, reserved 1048576K
  class space    used 25019K, committed 26496K, reserved 851968K
}
Event: 59.016 GC heap before
{Heap before GC invocations=112 (full 0):
 garbage-first heap   total 876544K, used 802770K [0x0000000680000000, 0x0000000800000000)
  region size 4096K, 122 young (499712K), 5 survivors (20480K)
 Metaspace       used 195870K, committed 198848K, reserved 1048576K
  class space    used 25019K, committed 26496K, reserved 851968K
}

