# JRE version: OpenJDK Runtime Environment (21.0.7) (build 21.0.7+-13880790-b1038.58)
# Java VM: OpenJDK 64-Bit Server VM (21.0.7+-13880790-b1038.58, mixed mode, tiered, compressed oops, compressed class ptrs, g1 gc, windows-amd64)
GC Precious Log:
 CardTable entry size: 512
 Card Set container configuration: InlinePtr #cards 4 size 8 Array Of Cards #cards 32 size 80 Howl #buckets 8 coarsen threshold 7372 Howl Bitmap #cards 1024 size 144 coarsen threshold 921 Card regions per heap region 1 cards per card region 8192
 CPUs: 12 total, 12 available
 Memory: 16229M
 Large Page Support: Disabled
 NUMA Support: Disabled
 Compressed Oops: Enabled (Zero based)
 Heap Region Size: 4M
 Heap Min Capacity: 8M
 Heap Initial Capacity: 256M
 Heap Max Capacity: 6G
 Pre-touch: Disabled
 Parallel Workers: 10
 Concurrent Workers: 3
 Concurrent Refinement Workers: 10
 Periodic GC: Disabled
 String Deduplication is enabled
Heap:
 garbage-first heap   total 647168K, used 298621K [0x0000000680000000, 0x0000000800000000)
  region size 4096K, 4 young (16384K), 4 survivors (16384K)
 Metaspace       used 168364K, committed 171072K, reserved 1048576K
  class space    used 21988K, committed 23296K, reserved 851968K
GC Heap History (20 events):
Event: 29.678 GC heap after
{Heap after GC invocations=68 (full 0):
 garbage-first heap   total 647168K, used 198238K [0x0000000680000000, 0x0000000800000000)
  region size 4096K, 4 young (16384K), 4 survivors (16384K)
 Metaspace       used 93305K, committed 95104K, reserved 983040K
  class space    used 12961K, committed 13824K, reserved 851968K
}
Event: 30.060 GC heap before
{Heap before GC invocations=68 (full 0):
 garbage-first heap   total 647168K, used 276062K [0x0000000680000000, 0x0000000800000000)
  region size 4096K, 22 young (90112K), 4 survivors (16384K)
 Metaspace       used 97812K, committed 99584K, reserved 983040K
  class space    used 13455K, committed 14272K, reserved 851968K
}
Event: 30.072 GC heap after
{Heap after GC invocations=69 (full 0):
 garbage-first heap   total 647168K, used 211129K [0x0000000680000000, 0x0000000800000000)
  region size 4096K, 7 young (28672K), 7 survivors (28672K)
 Metaspace       used 97812K, committed 99584K, reserved 983040K
  class space    used 13455K, committed 14272K, reserved 851968K
}
Event: 30.913 GC heap before
{Heap before GC invocations=69 (full 0):
 garbage-first heap   total 647168K, used 329913K [0x0000000680000000, 0x0000000800000000)
  region size 4096K, 35 young (143360K), 7 survivors (28672K)
 Metaspace       used 110344K, committed 112448K, reserved 983040K
  class space    used 14894K, committed 15936K, reserved 851968K
}
Event: 30.926 GC heap after
{Heap after GC invocations=70 (full 0):
 garbage-first heap   total 647168K, used 227435K [0x0000000680000000, 0x0000000800000000)
  region size 4096K, 9 young (36864K), 9 survivors (36864K)
 Metaspace       used 110344K, committed 112448K, reserved 983040K
  class space    used 14894K, committed 15936K, reserved 851968K
}
Event: 33.315 GC heap before
{Heap before GC invocations=71 (full 0):
 garbage-first heap   total 647168K, used 534635K [0x0000000680000000, 0x0000000800000000)
  region size 4096K, 84 young (344064K), 9 survivors (36864K)
 Metaspace       used 139252K, committed 141440K, reserved 983040K
  class space    used 18012K, committed 19008K, reserved 851968K
}
Event: 33.335 GC heap after
{Heap after GC invocations=72 (full 0):
 garbage-first heap   total 647168K, used 235405K [0x0000000680000000, 0x0000000800000000)
  region size 4096K, 8 young (32768K), 8 survivors (32768K)
 Metaspace       used 139252K, committed 141440K, reserved 983040K
  class space    used 18012K, committed 19008K, reserved 851968K
}
Event: 39.078 GC heap before
{Heap before GC invocations=72 (full 0):
 garbage-first heap   total 647168K, used 550797K [0x0000000680000000, 0x0000000800000000)
  region size 4096K, 84 young (344064K), 8 survivors (32768K)
 Metaspace       used 158372K, committed 160960K, reserved 1048576K
  class space    used 20823K, committed 22080K, reserved 851968K
}
Event: 39.134 GC heap after
{Heap after GC invocations=73 (full 0):
 garbage-first heap   total 647168K, used 251753K [0x0000000680000000, 0x0000000800000000)
  region size 4096K, 8 young (32768K), 8 survivors (32768K)
 Metaspace       used 158372K, committed 160960K, reserved 1048576K
  class space    used 20823K, committed 22080K, reserved 851968K
}
Event: 49.725 GC heap before
{Heap before GC invocations=73 (full 0):
 garbage-first heap   total 647168K, used 501609K [0x0000000680000000, 0x0000000800000000)
  region size 4096K, 71 young (290816K), 8 survivors (32768K)
 Metaspace       used 168359K, committed 171008K, reserved 1048576K
  class space    used 22000K, committed 23296K, reserved 851968K
}
Event: 49.783 GC heap after
{Heap after GC invocations=74 (full 0):
 garbage-first heap   total 647168K, used 254429K [0x0000000680000000, 0x0000000800000000)
  region size 4096K, 9 young (36864K), 9 survivors (36864K)
 Metaspace       used 168359K, committed 171008K, reserved 1048576K
  class space    used 22000K, committed 23296K, reserved 851968K
}
Event: 50.779 GC heap before
{Heap before GC invocations=75 (full 0):
 garbage-first heap   total 647168K, used 569821K [0x0000000680000000, 0x0000000800000000)
  region size 4096K, 86 young (352256K), 9 survivors (36864K)
 Metaspace       used 168337K, committed 171072K, reserved 1048576K
  class space    used 21988K, committed 23296K, reserved 851968K
}
Event: 50.836 GC heap after
{Heap after GC invocations=76 (full 0):
 garbage-first heap   total 647168K, used 267216K [0x0000000680000000, 0x0000000800000000)
  region size 4096K, 6 young (24576K), 6 survivors (24576K)
 Metaspace       used 168337K, committed 171072K, reserved 1048576K
  class space    used 21988K, committed 23296K, reserved 851968K
}
Event: 51.960 GC heap before
{Heap before GC invocations=76 (full 0):
 garbage-first heap   total 647168K, used 578512K [0x0000000680000000, 0x0000000800000000)
  region size 4096K, 83 young (339968K), 6 survivors (24576K)
 Metaspace       used 168339K, committed 171072K, reserved 1048576K
  class space    used 21988K, committed 23296K, reserved 851968K
}
Event: 52.033 GC heap after
{Heap after GC invocations=77 (full 0):
 garbage-first heap   total 647168K, used 283225K [0x0000000680000000, 0x0000000800000000)
  region size 4096K, 11 young (45056K), 11 survivors (45056K)
 Metaspace       used 168339K, committed 171072K, reserved 1048576K
  class space    used 21988K, committed 23296K, reserved 851968K
}
Event: 52.453 GC heap before
{Heap before GC invocations=77 (full 0):
 garbage-first heap   total 647168K, used 512601K [0x0000000680000000, 0x0000000800000000)
  region size 4096K, 69 young (282624K), 11 survivors (45056K)
 Metaspace       used 168354K, committed 171072K, reserved 1048576K
  class space    used 21988K, committed 23296K, reserved 851968K
}
Event: 52.527 GC heap after
{Heap after GC invocations=78 (full 0):
 garbage-first heap   total 647168K, used 294525K [0x0000000680000000, 0x0000000800000000)
  region size 4096K, 4 young (16384K), 4 survivors (16384K)
 Metaspace       used 168354K, committed 171072K, reserved 1048576K
  class space    used 21988K, committed 23296K, reserved 851968K
}
Event: 53.087 GC heap before
{Heap before GC invocations=78 (full 0):
 garbage-first heap   total 647168K, used 585341K [0x0000000680000000, 0x0000000800000000)
  region size 4096K, 75 young (307200K), 4 survivors (16384K)
 Metaspace       used 168364K, committed 171072K, reserved 1048576K
  class space    used 21988K, committed 23296K, reserved 851968K
}
Event: 53.109 GC heap after
{Heap after GC invocations=79 (full 0):
 garbage-first heap   total 647168K, used 297198K [0x0000000680000000, 0x0000000800000000)
  region size 4096K, 4 young (16384K), 4 survivors (16384K)
 Metaspace       used 168364K, committed 171072K, reserved 1048576K
  class space    used 21988K, committed 23296K, reserved 851968K
}
Event: 53.688 GC heap before
{Heap before GC invocations=79 (full 0):
 garbage-first heap   total 647168K, used 592110K [0x0000000680000000, 0x0000000800000000)
  region size 4096K, 76 young (311296K), 4 survivors (16384K)
 Metaspace       used 168364K, committed 171072K, reserved 1048576K
  class space    used 21988K, committed 23296K, reserved 851968K
}

